00-trivial.oc: 0
01-hello.oc: 0
03-test3.oc: 0
04-test4.oc: 1
06-test6.oc: 1
07-assert.oc: 0
10-hundred.oc: 0
11-numbers.oc: 0
12-elseif.oc: 0
13-assertfail.oc: 0
14-ocecho.oc: 0
20-fib-array.oc: 0
21-eratosthenes.oc: 0
23-atoi.oc: 0
30-fac-fnloop.oc: 0
31-fib-2supn.oc: 0
40-arraystack.oc: 1
41-linkedstack.oc: 1
42-viiiqueens.oc: 0
44-dot-product.oc: 0
45-towers-of-hanoi.oc: 0
53-insertionsort.oc: 0
90-c8q.oc: 1
91-typecheck.oc: 1
92-uncomment.oc: 1
93-semantics.oc: 0
94-syntax.oc: 1
95-cobol.oc: 1
96-unterminated.oc: 1
nosuch.oc: 1
