astree.o:
     $Id: auxlib.h,v 1.1 2014-11-29 12:58:44-08 - - $
     $Id: stringset.h,v 1.1 2014-11-29 12:58:44-08 - - $
     $Id: lyutils.h,v 1.1 2014-11-29 12:58:44-08 - - $

lyutils.o:
     $Id: auxlib.h,v 1.1 2014-11-29 12:58:44-08 - - $
     $Id: lyutils.h,v 1.1 2014-11-29 12:58:44-08 - - $
     $Id: stringset.h,v 1.1 2014-11-29 12:58:44-08 - - $
     $Id: lyutils.cc,v 1.1 2014-11-29 12:58:44-08 - - $
     $Compiled: lyutils.cc Dec 14 2014 18:05:23 $

auxlib.o:
     $Id: auxlib.h,v 1.1 2014-11-29 12:58:44-08 - - $
     $Id: auxlib.cc,v 1.1 2014-11-29 12:58:44-08 - - $
     $Compiled: auxlib.cc Dec 14 2014 18:05:23 $

stringset.o:
     $Id: auxlib.h,v 1.1 2014-11-29 12:58:44-08 - - $
     $Id: stringset.h,v 1.1 2014-11-29 12:58:44-08 - - $

symtable.o:
     $Id: auxlib.h,v 1.1 2014-11-29 12:58:44-08 - - $

main.o:
     $Id: auxlib.h,v 1.1 2014-11-29 12:58:44-08 - - $
     $Id: lyutils.h,v 1.1 2014-11-29 12:58:44-08 - - $
     $Id: stringset.h,v 1.1 2014-11-29 12:58:44-08 - - $

yylex.o:
     $Id: auxlib.h,v 1.1 2014-11-29 12:58:44-08 - - $
     $Id: lyutils.h,v 1.1 2014-11-29 12:58:44-08 - - $

yyparse.o:
     $Id: auxlib.h,v 1.1 2014-11-29 12:58:44-08 - - $
     $Id: lyutils.h,v 1.1 2014-11-29 12:58:44-08 - - $

oc:
     $Id: auxlib.h,v 1.1 2014-11-29 12:58:44-08 - - $
     $Id: stringset.h,v 1.1 2014-11-29 12:58:44-08 - - $
     $Id: lyutils.h,v 1.1 2014-11-29 12:58:44-08 - - $
     $Id: auxlib.h,v 1.1 2014-11-29 12:58:44-08 - - $
     $Id: lyutils.h,v 1.1 2014-11-29 12:58:44-08 - - $
     $Id: stringset.h,v 1.1 2014-11-29 12:58:44-08 - - $
     $Id: lyutils.cc,v 1.1 2014-11-29 12:58:44-08 - - $
     $Compiled: lyutils.cc Dec 14 2014 18:05:23 $
     $Id: auxlib.h,v 1.1 2014-11-29 12:58:44-08 - - $
     $Id: auxlib.cc,v 1.1 2014-11-29 12:58:44-08 - - $
     $Compiled: auxlib.cc Dec 14 2014 18:05:23 $
     $Id: auxlib.h,v 1.1 2014-11-29 12:58:44-08 - - $
     $Id: stringset.h,v 1.1 2014-11-29 12:58:44-08 - - $
     $Id: auxlib.h,v 1.1 2014-11-29 12:58:44-08 - - $
     $Id: auxlib.h,v 1.1 2014-11-29 12:58:44-08 - - $
     $Id: lyutils.h,v 1.1 2014-11-29 12:58:44-08 - - $
     $Id: stringset.h,v 1.1 2014-11-29 12:58:44-08 - - $
     $Id: auxlib.h,v 1.1 2014-11-29 12:58:44-08 - - $
     $Id: lyutils.h,v 1.1 2014-11-29 12:58:44-08 - - $
     $Id: auxlib.h,v 1.1 2014-11-29 12:58:44-08 - - $
     $Id: lyutils.h,v 1.1 2014-11-29 12:58:44-08 - - $
